ServiceLifecycle1/app/build/intermediates/manifest_merge_blame_file/debug/manifest-merger-blame-debug-report.txt
1<?xml version="1.0" encoding="utf-8"?>
2<manifest xmlns:android="http://schemas.android.com/apk/res/android"
3    package="de.ecspride"
4    android:versionCode="1"
5    android:versionName="1.0" >
6
7    <uses-sdk
7-->src\main\AndroidManifest.xml:6:5-47
8        android:minSdkVersion="8"
8-->src\main\AndroidManifest.xml:6:5-47
9        android:targetSdkVersion="19" />
9-->src\main\AndroidManifest.xml:6:15-44
10
11    <uses-permission android:name="android.permission.READ_PHONE_STATE" />
11-->src\main\AndroidManifest.xml:8:5-75
11-->src\main\AndroidManifest.xml:8:22-72
12    <uses-permission android:name="android.permission.SEND_SMS" />
12-->src\main\AndroidManifest.xml:9:5-67
12-->src\main\AndroidManifest.xml:9:22-64
13
14    <application
14-->src\main\AndroidManifest.xml:11:5-22:19
15        android:allowBackup="true"
15-->src\main\AndroidManifest.xml:12:9-35
16        android:debuggable="true"
17        android:icon="@drawable/ic_launcher"
17-->src\main\AndroidManifest.xml:13:9-45
18        android:label="@string/app_name"
18-->src\main\AndroidManifest.xml:14:9-41
19        android:theme="@style/AppTheme" >
19-->src\main\AndroidManifest.xml:15:9-40
20        <service
20-->src\main\AndroidManifest.xml:17:9-21:13
21            android:name="de.ecspride.MainService"
21-->src\main\AndroidManifest.xml:18:5-43
22            android:label="MainService" >
22-->src\main\AndroidManifest.xml:19:5-32
23        </service>
24    </application>
25
26</manifest>